=== Secret Path ===
kv/data/1-secret-10

======= Metadata =======
Key                Value
---                -----
created_time       2024-04-23T21:03:24.49666945Z
custom_metadata    <nil>
deletion_time      n/a
destroyed          false
version            1
=== Secret Path ===
kv/data/2-secret-10

======= Metadata =======
Key                Value
---                -----
created_time       2024-04-23T21:03:24.853888306Z
custom_metadata    <nil>
deletion_time      n/a
destroyed          false
version            1
=== Secret Path ===
kv/data/3-secret-10

======= Metadata =======
Key                Value
---                -----
created_time       2024-04-23T21:03:25.171783336Z
custom_metadata    <nil>
deletion_time      n/a
destroyed          false
version            1
=== Secret Path ===
kv/data/4-secret-10

======= Metadata =======
Key                Value
---                -----
created_time       2024-04-23T21:03:25.482186693Z
custom_metadata    <nil>
deletion_time      n/a
destroyed          false
version            1
=== Secret Path ===
kv/data/5-secret-10

======= Metadata =======
Key                Value
---                -----
created_time       2024-04-23T21:03:25.814461756Z
custom_metadata    <nil>
deletion_time      n/a
destroyed          false
version            1
=== Secret Path ===
kv/data/6-secret-10

======= Metadata =======
Key                Value
---                -----
created_time       2024-04-23T21:03:26.164551627Z
custom_metadata    <nil>
deletion_time      n/a
destroyed          false
version            1
=== Secret Path ===
kv/data/7-secret-10

======= Metadata =======
Key                Value
---                -----
created_time       2024-04-23T21:03:26.488232455Z
custom_metadata    <nil>
deletion_time      n/a
destroyed          false
version            1
=== Secret Path ===
kv/data/8-secret-10

======= Metadata =======
Key                Value
---                -----
created_time       2024-04-23T21:03:26.819198693Z
custom_metadata    <nil>
deletion_time      n/a
destroyed          false
version            1
=== Secret Path ===
kv/data/9-secret-10

======= Metadata =======
Key                Value
---                -----
created_time       2024-04-23T21:03:27.149445615Z
custom_metadata    <nil>
deletion_time      n/a
destroyed          false
version            1
==== Secret Path ====
kv/data/10-secret-10

======= Metadata =======
Key                Value
---                -----
created_time       2024-04-23T21:03:27.485023858Z
custom_metadata    <nil>
deletion_time      n/a
destroyed          false
version            1
=== Secret Path ===
kv/data/1-secret-10

======= Metadata =======
Key                Value
---                -----
created_time       2024-04-23T21:03:27.81325048Z
custom_metadata    <nil>
deletion_time      n/a
destroyed          false
version            2
=== Secret Path ===
kv/data/2-secret-10

======= Metadata =======
Key                Value
---                -----
created_time       2024-04-23T21:03:28.133711913Z
custom_metadata    <nil>
deletion_time      n/a
destroyed          false
version            2
=== Secret Path ===
kv/data/3-secret-10

======= Metadata =======
Key                Value
---                -----
created_time       2024-04-23T21:03:28.469722585Z
custom_metadata    <nil>
deletion_time      n/a
destroyed          false
version            2
=== Secret Path ===
kv/data/4-secret-10

======= Metadata =======
Key                Value
---                -----
created_time       2024-04-23T21:03:28.803723625Z
custom_metadata    <nil>
deletion_time      n/a
destroyed          false
version            2
=== Secret Path ===
kv/data/5-secret-10

======= Metadata =======
Key                Value
---                -----
created_time       2024-04-23T21:03:29.131789493Z
custom_metadata    <nil>
deletion_time      n/a
destroyed          false
version            2
=== Secret Path ===
kv/data/6-secret-10

======= Metadata =======
Key                Value
---                -----
created_time       2024-04-23T21:03:29.466889165Z
custom_metadata    <nil>
deletion_time      n/a
destroyed          false
version            2
=== Secret Path ===
kv/data/7-secret-10

======= Metadata =======
Key                Value
---                -----
created_time       2024-04-23T21:03:29.800970287Z
custom_metadata    <nil>
deletion_time      n/a
destroyed          false
version            2
=== Secret Path ===
kv/data/8-secret-10

======= Metadata =======
Key                Value
---                -----
created_time       2024-04-23T21:03:30.137784815Z
custom_metadata    <nil>
deletion_time      n/a
destroyed          false
version            2
=== Secret Path ===
kv/data/9-secret-10

======= Metadata =======
Key                Value
---                -----
created_time       2024-04-23T21:03:30.470938048Z
custom_metadata    <nil>
deletion_time      n/a
destroyed          false
version            2
==== Secret Path ====
kv/data/10-secret-10

======= Metadata =======
Key                Value
---                -----
created_time       2024-04-23T21:03:30.809301445Z
custom_metadata    <nil>
deletion_time      n/a
destroyed          false
version            2
WARNING! The VAULT_TOKEN environment variable is set! The value of this
variable will take precedence; if this is unwanted please unset VAULT_TOKEN or
update its value accordingly.

Success! You are now authenticated. The token information displayed below
is already stored in the token helper. You do NOT need to run "vault login"
again. Future Vault requests will automatically use this token.

Key                    Value
---                    -----
token                  hvs.CAESIPncZZMfZScY-aUslibV7rbyOWL8qB41Oh9G0nMvaXNJGh4KHGh2cy5wcU1neUNSMWJVNTNvRTZuUGdlaTJ2Tzk
token_accessor         tY3t4qRgsIThjqrS6BvvoPdm
token_duration         2h
token_renewable        true
token_policies         ["default" "sudo"]
identity_policies      []
policies               ["default" "sudo"]
token_meta_username    learner
WARNING! The VAULT_TOKEN environment variable is set! The value of this
variable will take precedence; if this is unwanted please unset VAULT_TOKEN or
update its value accordingly.

Success! You are now authenticated. The token information displayed below
is already stored in the token helper. You do NOT need to run "vault login"
again. Future Vault requests will automatically use this token.

Key                    Value
---                    -----
token                  hvs.CAESIMO4xdDLH2mFGO0kVqZiS6f2Sq3pRGCVHkd6qfh6c9_dGh4KHGh2cy5pN2p1VDB0Rm1Hb2ZsR01IREtTVjZDd1Q
token_accessor         fk9webk8b599ChTO7FazBJFO
token_duration         2h
token_renewable        true
token_policies         ["default" "sudo"]
identity_policies      []
policies               ["default" "sudo"]
token_meta_username    learner
WARNING! The VAULT_TOKEN environment variable is set! The value of this
variable will take precedence; if this is unwanted please unset VAULT_TOKEN or
update its value accordingly.

Success! You are now authenticated. The token information displayed below
is already stored in the token helper. You do NOT need to run "vault login"
again. Future Vault requests will automatically use this token.

Key                    Value
---                    -----
token                  hvs.CAESIEKkxrIpj6lVh__Zc4wS1XnaZv2N5rXL3oBOB8NE87f3Gh4KHGh2cy5FR1NlRGxJRHlzNXYxd0diTkgySGJuZno
token_accessor         7Jblb9CJQZtJdJO6kPKrWZUR
token_duration         2h
token_renewable        true
token_policies         ["default" "sudo"]
identity_policies      []
policies               ["default" "sudo"]
token_meta_username    learner
WARNING! The VAULT_TOKEN environment variable is set! The value of this
variable will take precedence; if this is unwanted please unset VAULT_TOKEN or
update its value accordingly.

Success! You are now authenticated. The token information displayed below
is already stored in the token helper. You do NOT need to run "vault login"
again. Future Vault requests will automatically use this token.

Key                    Value
---                    -----
token                  hvs.CAESIPbS4AUY2A4uZythc-3iYFmEyfEO1jsUXS1Y8u0qM8SxGh4KHGh2cy5MaE5RZlUzdEd4V21NQm1DNnNER211SFI
token_accessor         KvEw1Yhms47NO2FG69V2tP2N
token_duration         2h
token_renewable        true
token_policies         ["default" "sudo"]
identity_policies      []
policies               ["default" "sudo"]
token_meta_username    learner
WARNING! The VAULT_TOKEN environment variable is set! The value of this
variable will take precedence; if this is unwanted please unset VAULT_TOKEN or
update its value accordingly.

Success! You are now authenticated. The token information displayed below
is already stored in the token helper. You do NOT need to run "vault login"
again. Future Vault requests will automatically use this token.

Key                    Value
---                    -----
token                  hvs.CAESIPf8sP5DtgxRILhwuC3jQDVFOS1sl1dWtiLGW9lAABSrGh4KHGh2cy5lSUJqVWdyQm5UdHk4cTJkTThQaExhZlo
token_accessor         wz1f7x9JI2cfonSJ1i0dq4dt
token_duration         2h
token_renewable        true
token_policies         ["default" "sudo"]
identity_policies      []
policies               ["default" "sudo"]
token_meta_username    learner
WARNING! The VAULT_TOKEN environment variable is set! The value of this
variable will take precedence; if this is unwanted please unset VAULT_TOKEN or
update its value accordingly.

Success! You are now authenticated. The token information displayed below
is already stored in the token helper. You do NOT need to run "vault login"
again. Future Vault requests will automatically use this token.

Key                    Value
---                    -----
token                  hvs.CAESIKJyDiQWuYf8INdDD38650oM8bNEUfgKXT-sBcltc89fGh4KHGh2cy5UQ0xVTnRLZEN4TGk1ZkgxczBRSWt2dzk
token_accessor         D9XihF0cZ2QPXmxkgTNC7lFp
token_duration         2h
token_renewable        true
token_policies         ["default" "sudo"]
identity_policies      []
policies               ["default" "sudo"]
token_meta_username    learner
WARNING! The VAULT_TOKEN environment variable is set! The value of this
variable will take precedence; if this is unwanted please unset VAULT_TOKEN or
update its value accordingly.

Success! You are now authenticated. The token information displayed below
is already stored in the token helper. You do NOT need to run "vault login"
again. Future Vault requests will automatically use this token.

Key                    Value
---                    -----
token                  hvs.CAESIB7oyCQwnzsebIJZx_UPN6au2K3VkV6uUr6mW1aktOgxGh4KHGh2cy5odU5pZzVSaWFzMHpuOW94NVFRc213YTA
token_accessor         b0kuEeFLx0Fk4215YILKqAYO
token_duration         2h
token_renewable        true
token_policies         ["default" "sudo"]
identity_policies      []
policies               ["default" "sudo"]
token_meta_username    learner
WARNING! The VAULT_TOKEN environment variable is set! The value of this
variable will take precedence; if this is unwanted please unset VAULT_TOKEN or
update its value accordingly.

Success! You are now authenticated. The token information displayed below
is already stored in the token helper. You do NOT need to run "vault login"
again. Future Vault requests will automatically use this token.

Key                    Value
---                    -----
token                  hvs.CAESIJdVpx8JfiQNR2t3LNh6F6D0sQJn_EtIY4D68MNfdhjoGh4KHGh2cy45NlVBbEVWOXZzOUJsbDdzOTlKR3Bsaks
token_accessor         YrkutQ4DqIfTJtYj6D0azuma
token_duration         2h
token_renewable        true
token_policies         ["default" "sudo"]
identity_policies      []
policies               ["default" "sudo"]
token_meta_username    learner
WARNING! The VAULT_TOKEN environment variable is set! The value of this
variable will take precedence; if this is unwanted please unset VAULT_TOKEN or
update its value accordingly.

Success! You are now authenticated. The token information displayed below
is already stored in the token helper. You do NOT need to run "vault login"
again. Future Vault requests will automatically use this token.

Key                    Value
---                    -----
token                  hvs.CAESIPzVYJFXoURi9YmP7thupvw3ioSH_6aX2ucLjn0O1x45Gh4KHGh2cy5wSG9ySTNIbjVicEM3cms2NlZySktPeVc
token_accessor         TflaRqMGmBNdguOfCcXPUZbN
token_duration         2h
token_renewable        true
token_policies         ["default" "sudo"]
identity_policies      []
policies               ["default" "sudo"]
token_meta_username    learner
WARNING! The VAULT_TOKEN environment variable is set! The value of this
variable will take precedence; if this is unwanted please unset VAULT_TOKEN or
update its value accordingly.

Success! You are now authenticated. The token information displayed below
is already stored in the token helper. You do NOT need to run "vault login"
again. Future Vault requests will automatically use this token.

Key                    Value
---                    -----
token                  hvs.CAESIEoR05s6PSlt97iDifIbxI7N170TsPyFzueSVXlkqz6DGh4KHGh2cy5xSmpkUWlhY1N2aUxPVmppUnlwYkc4ZzE
token_accessor         Uwr623QhkJo26uKYs3Rf7MJN
token_duration         2h
token_renewable        true
token_policies         ["default" "sudo"]
identity_policies      []
policies               ["default" "sudo"]
token_meta_username    learner
Key                  Value
---                  -----
token                hvs.CAESII2ZHQHAthPKJ1A1YNZHv6crOOuU28GXZscGwW-LYI5pGh4KHGh2cy55d2hla0VPR3VxQ2V3Zzg2bG1lUjhVVjA
token_accessor       N8LoQe2WCkqvV8H8ctzSCZq7
token_duration       768h
token_renewable      true
token_policies       ["default"]
identity_policies    []
policies             ["default"]
Key                  Value
---                  -----
token                hvs.CAESIAfyuGIofWSOPUDpdyIVpVySMPk-w7vBYvVNFwZP6QFEGh4KHGh2cy5rY0RydUZDVE1VNXF2R3hPdjRTQ3VKV0I
token_accessor       lAJIFp98TeeXn0aYcWL3eIZD
token_duration       768h
token_renewable      true
token_policies       ["default"]
identity_policies    []
policies             ["default"]
Key                  Value
---                  -----
token                hvs.CAESIOia0_4Ib4OvM1jKm1aD55nYvfhSJjiA__fFwEKyFS2oGh4KHGh2cy5kMUlMaDdWQzhqWWVMMWd6WDlWdzM3Uk4
token_accessor       x9bcbWSMcy8vSuTwSlb4iHiE
token_duration       768h
token_renewable      true
token_policies       ["default"]
identity_policies    []
policies             ["default"]
Key                  Value
---                  -----
token                hvs.CAESIHMzrbmQcQofshTsfpQbc1_7wlhwnWuvoBMqAfCda6xTGh4KHGh2cy5LMHNmWll0WDZlOGM0bFpBMWhKaWJ6ZGk
token_accessor       6fxNeLECjzWEn2DlJXuMjEHA
token_duration       768h
token_renewable      true
token_policies       ["default"]
identity_policies    []
policies             ["default"]
Key                  Value
---                  -----
token                hvs.CAESIJiENA5MywfYS1ABCBC2T33vD9CjXPntCu-KU-rt0o0QGh4KHGh2cy5ucTFJRllJZFJldGRsOWhxWnJRSEdwZzM
token_accessor       u5su1L5vaP0DoyIRIYl7uJ12
token_duration       768h
token_renewable      true
token_policies       ["default"]
identity_policies    []
policies             ["default"]
Key                  Value
---                  -----
token                hvs.CAESIFf1HfrDzSEV8ka6X6aWffgko2fxASGLgk8XfgsXAVCRGh4KHGh2cy5KbjdVWkpEbVZHc05UU05Zd2F4Zm00VVc
token_accessor       NOEFI7iXqPM9QpfAFIQNKLG1
token_duration       768h
token_renewable      true
token_policies       ["default"]
identity_policies    []
policies             ["default"]
Key                  Value
---                  -----
token                hvs.CAESIPJoZaidtwEHI90i3anKHoU8OZpxii73tlwrt-UTj6O5Gh4KHGh2cy5YVktZWWNlZ1VSMGpsY0ltcnhORURyc04
token_accessor       JSOrlrxHwzEhPMKa4AkhHiQ3
token_duration       768h
token_renewable      true
token_policies       ["default"]
identity_policies    []
policies             ["default"]
Key                  Value
---                  -----
token                hvs.CAESIEJie-gA_dXQ_4UWWjYoPtTlVuAEJ2cmlyz4uvphHzkTGh4KHGh2cy5ueENHd0hTdVphVWhzUEY0WGlCamY4cGQ
token_accessor       BtlEE9gW7V8gXvSZAbgQJRLt
token_duration       768h
token_renewable      true
token_policies       ["default"]
identity_policies    []
policies             ["default"]
Key                  Value
---                  -----
token                hvs.CAESIM6d35R0BvBuwZJTR34ETd8nI3ff_27XJNXP02IfUto2Gh4KHGh2cy5YWk9lMTdMTFYwS041Nlg2N2VjSzdLemg
token_accessor       TKZJ46RZzIu2ufO32bY5Jmve
token_duration       768h
token_renewable      true
token_policies       ["default"]
identity_policies    []
policies             ["default"]
Key                  Value
---                  -----
token                hvs.CAESIDDLMxuRkCqNiL4Go79oCp7Ae4BnEXHdDnW_RYfVmUjAGh4KHGh2cy5XWEFhTUNFTjdCM0ZIQmh6RTdZN1NXUHQ
token_accessor       EgCueScXCHGdCDghEOft4C5n
token_duration       768h
token_renewable      true
token_policies       ["default"]
identity_policies    []
policies             ["default"]
Key                  Value
---                  -----
token                hvs.CAESIJRYorNV6r0uzBqKEhxVaW51k-FQ0NSMHC9Abz1dXo5xGh4KHGh2cy43T3ZDejZoeUVkaWZqUnJjNnlyZldmNVc
token_accessor       hFRWuraWbKKYNv4RO8mVqhmW
token_duration       768h
token_renewable      true
token_policies       ["default"]
identity_policies    []
policies             ["default"]
Key                  Value
---                  -----
token                hvs.CAESIKI1Yu3VbPcfYXacAW6UQjH7_mykEZT6DaCYwG57xKoLGh4KHGh2cy5xSW5DM1ZaU3l2Slc2YThMTjU4QU5mT3o
token_accessor       bsp40LjxBfeoUEm42cWIWeF5
token_duration       768h
token_renewable      true
token_policies       ["default"]
identity_policies    []
policies             ["default"]
Key                  Value
---                  -----
token                hvs.CAESIJ7rXkvA8KbDmT3s5EhLxSfFLRDc8U8NlcqBioAqMBXYGh4KHGh2cy5aZlFySTA4WTZFWUpMM25XeXRCWmQyRmY
token_accessor       O03xiSiiuiFztSKi1Yz5H8tT
token_duration       768h
token_renewable      true
token_policies       ["default"]
identity_policies    []
policies             ["default"]
Key                  Value
---                  -----
token                hvs.CAESILFC01eVhNm-M2jl0_z0eyGKkvREesyS8rb8wFMUkhayGh4KHGh2cy5YUnN6aXBpdmhXNjBocUN4OVR2Q25HM0c
token_accessor       Sy8c8T6CFl4iRN8B0cVJ0BKC
token_duration       768h
token_renewable      true
token_policies       ["default"]
identity_policies    []
policies             ["default"]
Key                  Value
---                  -----
token                hvs.CAESIAFZAWctt50CarCTta40qryuLz3wzVwjdDX3eJEeICUOGh4KHGh2cy5jcE1vaVhueGZZTVlIc1Z1TnJTNkU4eGk
token_accessor       6QAD37bQTkAzf1KbRiYU2KKs
token_duration       768h
token_renewable      true
token_policies       ["default"]
identity_policies    []
policies             ["default"]
Key                  Value
---                  -----
token                hvs.CAESIHpkg0eyIzY4d7Arpw8fBYbFeRLUhRY8Qj5RMDOeedB-Gh4KHGh2cy54YWl5QXQ2WHZ4Z2RUS1NGNTZWRHo4SFQ
token_accessor       Suj8CtwVuT1zzBs2Fku1T7iT
token_duration       768h
token_renewable      true
token_policies       ["default"]
identity_policies    []
policies             ["default"]
Key                  Value
---                  -----
token                hvs.CAESIPFdVDvsT8E0n3GWJAVw4q5xSytPMBCVZMn5yKpMygyoGh4KHGh2cy5ZeGJBamNUZ2ZqdEJSalV2WDRXQmFXYmE
token_accessor       kLMLpmcmq1EXl0a2LWt0jpZJ
token_duration       768h
token_renewable      true
token_policies       ["default"]
identity_policies    []
policies             ["default"]
Key                  Value
---                  -----
token                hvs.CAESIAKnPxhjS8rk3kRE9zbTBjHTMpjHIM9RGdHwm1xxNHLDGh4KHGh2cy5JSXVXdUhJMzZMMWhPUG9MWFA1a0JOSDY
token_accessor       JEFEqyNZhPzM6bZN3ccsfHRw
token_duration       768h
token_renewable      true
token_policies       ["default"]
identity_policies    []
policies             ["default"]
Key                  Value
---                  -----
token                hvs.CAESILIiC93J7IesfcNuiCOpQBac695iRLk1Z1iZ78j98wYQGh4KHGh2cy43U2NTMVlwMUliV0hKMkRKcmk2SnZOSko
token_accessor       CuIdKiFbWIL7cnh5EsHysE3s
token_duration       768h
token_renewable      true
token_policies       ["default"]
identity_policies    []
policies             ["default"]
Key                  Value
---                  -----
token                hvs.CAESIBYVb2xr_SRHX3NR6NZ5XfxAUjkNJptu-hnUvz2qa3nOGh4KHGh2cy5QTmwweWdCRTNCSWd4SEJycU1ybDJTS2Y
token_accessor       uknBAWoOYnloDWR6lk6mNk5F
token_duration       768h
token_renewable      true
token_policies       ["default"]
identity_policies    []
policies             ["default"]
WARNING! The VAULT_TOKEN environment variable is set! The value of this
variable will take precedence; if this is unwanted please unset VAULT_TOKEN or
update its value accordingly.

Success! You are now authenticated. The token information displayed below
is already stored in the token helper. You do NOT need to run "vault login"
again. Future Vault requests will automatically use this token.

Key                    Value
---                    -----
token                  hvs.CAESIK4PAEXB6xO5czW_762Gy1Pjv6sNvv_x2cVdQJHE4MqxGh4KHGh2cy55WWRZZmpmN0lwWjBoOFpiWnNxQVhHa2g
token_accessor         1QuzexNQzxSgIMqXzkA2REtk
token_duration         2h
token_renewable        true
token_policies         ["default" "sudo"]
identity_policies      []
policies               ["default" "sudo"]
token_meta_username    learner1
Path          Type         Accessor              Description
----          ----         --------              -----------
cubbyhole/    cubbyhole    cubbyhole_3026abbe    per-token private secret storage
identity/     identity     identity_fccbf312     identity store
kv/           kv           kv_5b25da5a           n/a
secret/       kv           kv_c0dcc15a           key/value secret storage
sys/          system       system_62de357e       system endpoints used for control, policy and debugging
WARNING! The VAULT_TOKEN environment variable is set! The value of this
variable will take precedence; if this is unwanted please unset VAULT_TOKEN or
update its value accordingly.

Success! You are now authenticated. The token information displayed below
is already stored in the token helper. You do NOT need to run "vault login"
again. Future Vault requests will automatically use this token.

Key                    Value
---                    -----
token                  hvs.CAESIK3toic_GVYOiaHUf_UUOr432LV2ulJ8J_GhCwrEJwajGh4KHGh2cy5oOFBJNFFRbmZtcTVSdVhVUzlIZk5VbUo
token_accessor         E5VB2KX0i20AcVDHoROaWHNj
token_duration         2h
token_renewable        true
token_policies         ["default" "sudo"]
identity_policies      []
policies               ["default" "sudo"]
token_meta_username    learner2
Path          Type         Accessor              Description
----          ----         --------              -----------
cubbyhole/    cubbyhole    cubbyhole_3026abbe    per-token private secret storage
identity/     identity     identity_fccbf312     identity store
kv/           kv           kv_5b25da5a           n/a
secret/       kv           kv_c0dcc15a           key/value secret storage
sys/          system       system_62de357e       system endpoints used for control, policy and debugging
WARNING! The VAULT_TOKEN environment variable is set! The value of this
variable will take precedence; if this is unwanted please unset VAULT_TOKEN or
update its value accordingly.

Success! You are now authenticated. The token information displayed below
is already stored in the token helper. You do NOT need to run "vault login"
again. Future Vault requests will automatically use this token.

Key                    Value
---                    -----
token                  hvs.CAESIMM0NKqhTtAqzjql84oIyCdbCzMSwY3mD84C-gwxySTiGh4KHGh2cy51bXhXQllieXpmdmhJYTZMcmJmOTAyQ2k
token_accessor         iXqxubpQFJBsGVOveIEhjzgT
token_duration         2h
token_renewable        true
token_policies         ["default" "sudo"]
identity_policies      []
policies               ["default" "sudo"]
token_meta_username    learner3
Path          Type         Accessor              Description
----          ----         --------              -----------
cubbyhole/    cubbyhole    cubbyhole_3026abbe    per-token private secret storage
identity/     identity     identity_fccbf312     identity store
kv/           kv           kv_5b25da5a           n/a
secret/       kv           kv_c0dcc15a           key/value secret storage
sys/          system       system_62de357e       system endpoints used for control, policy and debugging
WARNING! The VAULT_TOKEN environment variable is set! The value of this
variable will take precedence; if this is unwanted please unset VAULT_TOKEN or
update its value accordingly.

Success! You are now authenticated. The token information displayed below
is already stored in the token helper. You do NOT need to run "vault login"
again. Future Vault requests will automatically use this token.

Key                    Value
---                    -----
token                  hvs.CAESIMCRO6w72suCdqmfORNb-PkzLelQspCN9eKZEh4-aIlXGh4KHGh2cy5ITktwcWQ1V0gxZHBndzZ4VWREUVdqREc
token_accessor         khERkAq6RwSZcVRwYiRJWTiP
token_duration         2h
token_renewable        true
token_policies         ["default" "sudo"]
identity_policies      []
policies               ["default" "sudo"]
token_meta_username    learner4
Path          Type         Accessor              Description
----          ----         --------              -----------
cubbyhole/    cubbyhole    cubbyhole_3026abbe    per-token private secret storage
identity/     identity     identity_fccbf312     identity store
kv/           kv           kv_5b25da5a           n/a
secret/       kv           kv_c0dcc15a           key/value secret storage
sys/          system       system_62de357e       system endpoints used for control, policy and debugging
WARNING! The VAULT_TOKEN environment variable is set! The value of this
variable will take precedence; if this is unwanted please unset VAULT_TOKEN or
update its value accordingly.

Success! You are now authenticated. The token information displayed below
is already stored in the token helper. You do NOT need to run "vault login"
again. Future Vault requests will automatically use this token.

Key                    Value
---                    -----
token                  hvs.CAESIOJmb_CMzcltWeaEMGJhG2ucd7NebZuswgy3VStDo8vTGh4KHGh2cy4wbkNtTGNhOVlFbG8wc2NUNHd4ZEJmcGY
token_accessor         xHMDXOl8BknAhJGrvlRR6DZS
token_duration         2h
token_renewable        true
token_policies         ["default" "sudo"]
identity_policies      []
policies               ["default" "sudo"]
token_meta_username    learner5
Path          Type         Accessor              Description
----          ----         --------              -----------
cubbyhole/    cubbyhole    cubbyhole_3026abbe    per-token private secret storage
identity/     identity     identity_fccbf312     identity store
kv/           kv           kv_5b25da5a           n/a
secret/       kv           kv_c0dcc15a           key/value secret storage
sys/          system       system_62de357e       system endpoints used for control, policy and debugging
WARNING! The VAULT_TOKEN environment variable is set! The value of this
variable will take precedence; if this is unwanted please unset VAULT_TOKEN or
update its value accordingly.

Success! You are now authenticated. The token information displayed below
is already stored in the token helper. You do NOT need to run "vault login"
again. Future Vault requests will automatically use this token.

Key                    Value
---                    -----
token                  hvs.CAESIM33xZQl2Ejlvl6Ny0ZnX7vSTCY7jC03AqmNg8VqthxkGh4KHGh2cy5jMkszNE9idVNDS3lSQVhkNm1WcHNneU4
token_accessor         AfBAgXqmELQcn6qgwr7yMLRR
token_duration         2h
token_renewable        true
token_policies         ["default" "sudo"]
identity_policies      []
policies               ["default" "sudo"]
token_meta_username    learner6
Path          Type         Accessor              Description
----          ----         --------              -----------
cubbyhole/    cubbyhole    cubbyhole_3026abbe    per-token private secret storage
identity/     identity     identity_fccbf312     identity store
kv/           kv           kv_5b25da5a           n/a
secret/       kv           kv_c0dcc15a           key/value secret storage
sys/          system       system_62de357e       system endpoints used for control, policy and debugging
WARNING! The VAULT_TOKEN environment variable is set! The value of this
variable will take precedence; if this is unwanted please unset VAULT_TOKEN or
update its value accordingly.

Success! You are now authenticated. The token information displayed below
is already stored in the token helper. You do NOT need to run "vault login"
again. Future Vault requests will automatically use this token.

Key                    Value
---                    -----
token                  hvs.CAESIKbnXsUkWhBdrSja9KOfMswmvlUsqVvrf13SiXAYTKS2Gh4KHGh2cy44WmNqMzcxUzN4bDgzQzFWNWlOT2tkS0w
token_accessor         UosUMggnVXzPUlLMwTLOTQnj
token_duration         2h
token_renewable        true
token_policies         ["default" "sudo"]
identity_policies      []
policies               ["default" "sudo"]
token_meta_username    learner7
Path          Type         Accessor              Description
----          ----         --------              -----------
cubbyhole/    cubbyhole    cubbyhole_3026abbe    per-token private secret storage
identity/     identity     identity_fccbf312     identity store
kv/           kv           kv_5b25da5a           n/a
secret/       kv           kv_c0dcc15a           key/value secret storage
sys/          system       system_62de357e       system endpoints used for control, policy and debugging
WARNING! The VAULT_TOKEN environment variable is set! The value of this
variable will take precedence; if this is unwanted please unset VAULT_TOKEN or
update its value accordingly.

Success! You are now authenticated. The token information displayed below
is already stored in the token helper. You do NOT need to run "vault login"
again. Future Vault requests will automatically use this token.

Key                    Value
---                    -----
token                  hvs.CAESIFEfJHjhKA4c4mWgmL1i8M6MBxtpX5vwJgwNnZ2JgQpLGh4KHGh2cy5pdVhySWNhbW5rWTN6Q2NjQnVCcHB2S2Q
token_accessor         NtdyHA1IEmZ2M9keXgb5O3Aq
token_duration         2h
token_renewable        true
token_policies         ["default" "sudo"]
identity_policies      []
policies               ["default" "sudo"]
token_meta_username    learner8
Path          Type         Accessor              Description
----          ----         --------              -----------
cubbyhole/    cubbyhole    cubbyhole_3026abbe    per-token private secret storage
identity/     identity     identity_fccbf312     identity store
kv/           kv           kv_5b25da5a           n/a
secret/       kv           kv_c0dcc15a           key/value secret storage
sys/          system       system_62de357e       system endpoints used for control, policy and debugging
WARNING! The VAULT_TOKEN environment variable is set! The value of this
variable will take precedence; if this is unwanted please unset VAULT_TOKEN or
update its value accordingly.

Success! You are now authenticated. The token information displayed below
is already stored in the token helper. You do NOT need to run "vault login"
again. Future Vault requests will automatically use this token.

Key                    Value
---                    -----
token                  hvs.CAESIGxKpQeELd71rjlne10HZ17dhTeEIP0aVls1iMHSr9-XGh4KHGh2cy4zZjl0c0NtNUprdmFJZVBhOFNSZktUcFQ
token_accessor         KfxLLyhjAh2wlUJgTYcJf6pv
token_duration         2h
token_renewable        true
token_policies         ["default" "sudo"]
identity_policies      []
policies               ["default" "sudo"]
token_meta_username    learner9
Path          Type         Accessor              Description
----          ----         --------              -----------
cubbyhole/    cubbyhole    cubbyhole_3026abbe    per-token private secret storage
identity/     identity     identity_fccbf312     identity store
kv/           kv           kv_5b25da5a           n/a
secret/       kv           kv_c0dcc15a           key/value secret storage
sys/          system       system_62de357e       system endpoints used for control, policy and debugging
WARNING! The VAULT_TOKEN environment variable is set! The value of this
variable will take precedence; if this is unwanted please unset VAULT_TOKEN or
update its value accordingly.

Success! You are now authenticated. The token information displayed below
is already stored in the token helper. You do NOT need to run "vault login"
again. Future Vault requests will automatically use this token.

Key                    Value
---                    -----
token                  hvs.CAESIDvPdPyYG0iksw3tagdsLAa0elqSl3IZQ8mg5J_QGVDvGh4KHGh2cy5PZDRjUlp1TDNlc1BXeXVZbjk4aWZhZVc
token_accessor         iXNGuEjyIGOmqn5os4wKij4H
token_duration         2h
token_renewable        true
token_policies         ["default" "sudo"]
identity_policies      []
policies               ["default" "sudo"]
token_meta_username    learner10
Path          Type         Accessor              Description
----          ----         --------              -----------
cubbyhole/    cubbyhole    cubbyhole_3026abbe    per-token private secret storage
identity/     identity     identity_fccbf312     identity store
kv/           kv           kv_5b25da5a           n/a
secret/       kv           kv_c0dcc15a           key/value secret storage
sys/          system       system_62de357e       system endpoints used for control, policy and debugging
WARNING! The VAULT_TOKEN environment variable is set! The value of this
variable will take precedence; if this is unwanted please unset VAULT_TOKEN or
update its value accordingly.

Success! You are now authenticated. The token information displayed below
is already stored in the token helper. You do NOT need to run "vault login"
again. Future Vault requests will automatically use this token.

Key                    Value
---                    -----
token                  hvs.CAESIEaGqipgpl2Ub7EbtYUnHbylvce1Sus2X1q13uBxDok_Gh4KHGh2cy52NHE5Z0VJM3JkME5LMzRad3RLMXRzMDQ
token_accessor         6p3otpjOxCxP5Pv0uMDTWopI
token_duration         2h
token_renewable        true
token_policies         ["default" "sudo"]
identity_policies      []
policies               ["default" "sudo"]
token_meta_username    learner1
Path          Type         Accessor              Description
----          ----         --------              -----------
cubbyhole/    cubbyhole    cubbyhole_3026abbe    per-token private secret storage
identity/     identity     identity_fccbf312     identity store
kv/           kv           kv_5b25da5a           n/a
secret/       kv           kv_c0dcc15a           key/value secret storage
sys/          system       system_62de357e       system endpoints used for control, policy and debugging
WARNING! The VAULT_TOKEN environment variable is set! The value of this
variable will take precedence; if this is unwanted please unset VAULT_TOKEN or
update its value accordingly.

Success! You are now authenticated. The token information displayed below
is already stored in the token helper. You do NOT need to run "vault login"
again. Future Vault requests will automatically use this token.

Key                    Value
---                    -----
token                  hvs.CAESIH1zdPDQKzwU7g0338rE55L1sVcdxIjAh4pXG9Ha4QTEGh4KHGh2cy5waDQ5M0N1TmxUbndmcjNMdmcxOXUwTVE
token_accessor         mB5PCBAYk1eJCAtEuTJhj8ca
token_duration         2h
token_renewable        true
token_policies         ["default" "sudo"]
identity_policies      []
policies               ["default" "sudo"]
token_meta_username    learner2
Path          Type         Accessor              Description
----          ----         --------              -----------
cubbyhole/    cubbyhole    cubbyhole_3026abbe    per-token private secret storage
identity/     identity     identity_fccbf312     identity store
kv/           kv           kv_5b25da5a           n/a
secret/       kv           kv_c0dcc15a           key/value secret storage
sys/          system       system_62de357e       system endpoints used for control, policy and debugging
WARNING! The VAULT_TOKEN environment variable is set! The value of this
variable will take precedence; if this is unwanted please unset VAULT_TOKEN or
update its value accordingly.

Success! You are now authenticated. The token information displayed below
is already stored in the token helper. You do NOT need to run "vault login"
again. Future Vault requests will automatically use this token.

Key                    Value
---                    -----
token                  hvs.CAESIKyGWFipcXywd3J8B8Q7DHGfx_caCO5llDosKtvGx25XGh4KHGh2cy5FdHl2Z00yM2t2YmF0b2ZaMWVVbkxleVU
token_accessor         HkBowKUszg3RrIKP7bW8vDRQ
token_duration         2h
token_renewable        true
token_policies         ["default" "sudo"]
identity_policies      []
policies               ["default" "sudo"]
token_meta_username    learner3
Path          Type         Accessor              Description
----          ----         --------              -----------
cubbyhole/    cubbyhole    cubbyhole_3026abbe    per-token private secret storage
identity/     identity     identity_fccbf312     identity store
kv/           kv           kv_5b25da5a           n/a
secret/       kv           kv_c0dcc15a           key/value secret storage
sys/          system       system_62de357e       system endpoints used for control, policy and debugging
WARNING! The VAULT_TOKEN environment variable is set! The value of this
variable will take precedence; if this is unwanted please unset VAULT_TOKEN or
update its value accordingly.

Success! You are now authenticated. The token information displayed below
is already stored in the token helper. You do NOT need to run "vault login"
again. Future Vault requests will automatically use this token.

Key                    Value
---                    -----
token                  hvs.CAESIBdKVqPChMtdHlrVoGhCBTVDLLjNvTLwykEm-SN6i5NtGh4KHGh2cy43TUdOQWNIS1BxUTRPREs0YlVjdVhkTHo
token_accessor         f8J2swoZZSjgRqoG7gZ10N2O
token_duration         2h
token_renewable        true
token_policies         ["default" "sudo"]
identity_policies      []
policies               ["default" "sudo"]
token_meta_username    learner4
Path          Type         Accessor              Description
----          ----         --------              -----------
cubbyhole/    cubbyhole    cubbyhole_3026abbe    per-token private secret storage
identity/     identity     identity_fccbf312     identity store
kv/           kv           kv_5b25da5a           n/a
secret/       kv           kv_c0dcc15a           key/value secret storage
sys/          system       system_62de357e       system endpoints used for control, policy and debugging
WARNING! The VAULT_TOKEN environment variable is set! The value of this
variable will take precedence; if this is unwanted please unset VAULT_TOKEN or
update its value accordingly.

Success! You are now authenticated. The token information displayed below
is already stored in the token helper. You do NOT need to run "vault login"
again. Future Vault requests will automatically use this token.

Key                    Value
---                    -----
token                  hvs.CAESIFjX3DpnJs2aqqiymYe5UgK6JaTP7tEv1K4gF82fLvlhGh4KHGh2cy43aG9NOXRBd2xlZGxGaER0cEpwTHRrbTU
token_accessor         lUWJctMncW6jsjwzC1eSOKXD
token_duration         2h
token_renewable        true
token_policies         ["default" "sudo"]
identity_policies      []
policies               ["default" "sudo"]
token_meta_username    learner5
Path          Type         Accessor              Description
----          ----         --------              -----------
cubbyhole/    cubbyhole    cubbyhole_3026abbe    per-token private secret storage
identity/     identity     identity_fccbf312     identity store
kv/           kv           kv_5b25da5a           n/a
secret/       kv           kv_c0dcc15a           key/value secret storage
sys/          system       system_62de357e       system endpoints used for control, policy and debugging
WARNING! The VAULT_TOKEN environment variable is set! The value of this
variable will take precedence; if this is unwanted please unset VAULT_TOKEN or
update its value accordingly.

Success! You are now authenticated. The token information displayed below
is already stored in the token helper. You do NOT need to run "vault login"
again. Future Vault requests will automatically use this token.

Key                    Value
---                    -----
token                  hvs.CAESIIYtSxmbYCBnLSlRa187VCMqlOg4zfVZHJSPwMnoz5y-Gh4KHGh2cy4yaUNqbXlweENWUnlZMFFTZm1EZ09IMHA
token_accessor         18mzOGlm6x6qbFdt7MfyGNUu
token_duration         2h
token_renewable        true
token_policies         ["default" "sudo"]
identity_policies      []
policies               ["default" "sudo"]
token_meta_username    learner6
Path          Type         Accessor              Description
----          ----         --------              -----------
cubbyhole/    cubbyhole    cubbyhole_3026abbe    per-token private secret storage
identity/     identity     identity_fccbf312     identity store
kv/           kv           kv_5b25da5a           n/a
secret/       kv           kv_c0dcc15a           key/value secret storage
sys/          system       system_62de357e       system endpoints used for control, policy and debugging
WARNING! The VAULT_TOKEN environment variable is set! The value of this
variable will take precedence; if this is unwanted please unset VAULT_TOKEN or
update its value accordingly.

Success! You are now authenticated. The token information displayed below
is already stored in the token helper. You do NOT need to run "vault login"
again. Future Vault requests will automatically use this token.

Key                    Value
---                    -----
token                  hvs.CAESIFmo_BNYAz0nHToIfBl19e3n5BFxjoe7Agj14BYvWeROGh4KHGh2cy41ajJIaDJkMVA4Y3J6ckRtNVRYWW1YcXo
token_accessor         LViJouCR4mMUelmeuQyuNtz6
token_duration         2h
token_renewable        true
token_policies         ["default" "sudo"]
identity_policies      []
policies               ["default" "sudo"]
token_meta_username    learner7
Path          Type         Accessor              Description
----          ----         --------              -----------
cubbyhole/    cubbyhole    cubbyhole_3026abbe    per-token private secret storage
identity/     identity     identity_fccbf312     identity store
kv/           kv           kv_5b25da5a           n/a
secret/       kv           kv_c0dcc15a           key/value secret storage
sys/          system       system_62de357e       system endpoints used for control, policy and debugging
WARNING! The VAULT_TOKEN environment variable is set! The value of this
variable will take precedence; if this is unwanted please unset VAULT_TOKEN or
update its value accordingly.

Success! You are now authenticated. The token information displayed below
is already stored in the token helper. You do NOT need to run "vault login"
again. Future Vault requests will automatically use this token.

Key                    Value
---                    -----
token                  hvs.CAESIPDLlaa9LlyOTF1dnzQdyOwUyENsgjRwLpJZoCQdVLoXGh4KHGh2cy5JZ2ZpeFBFVmNGU3J4VVVacmI0T3V2UUc
token_accessor         IdwrNScbz8jhHIUnxSlLNwIP
token_duration         2h
token_renewable        true
token_policies         ["default" "sudo"]
identity_policies      []
policies               ["default" "sudo"]
token_meta_username    learner8
Path          Type         Accessor              Description
----          ----         --------              -----------
cubbyhole/    cubbyhole    cubbyhole_3026abbe    per-token private secret storage
identity/     identity     identity_fccbf312     identity store
kv/           kv           kv_5b25da5a           n/a
secret/       kv           kv_c0dcc15a           key/value secret storage
sys/          system       system_62de357e       system endpoints used for control, policy and debugging
WARNING! The VAULT_TOKEN environment variable is set! The value of this
variable will take precedence; if this is unwanted please unset VAULT_TOKEN or
update its value accordingly.

Success! You are now authenticated. The token information displayed below
is already stored in the token helper. You do NOT need to run "vault login"
again. Future Vault requests will automatically use this token.

Key                    Value
---                    -----
token                  hvs.CAESIBjjwhL3wdZ4ya2ZKnvp6WZxwaJw46U4y0SpFG5fUgUKGh4KHGh2cy5XUW9CN0FTTjQ3bUlZaGZKZ0ZSSW9jZTY
token_accessor         5txtdDC4wIjhGnNWSxWwO5Dz
token_duration         2h
token_renewable        true
token_policies         ["default" "sudo"]
identity_policies      []
policies               ["default" "sudo"]
token_meta_username    learner9
Path          Type         Accessor              Description
----          ----         --------              -----------
cubbyhole/    cubbyhole    cubbyhole_3026abbe    per-token private secret storage
identity/     identity     identity_fccbf312     identity store
kv/           kv           kv_5b25da5a           n/a
secret/       kv           kv_c0dcc15a           key/value secret storage
sys/          system       system_62de357e       system endpoints used for control, policy and debugging
WARNING! The VAULT_TOKEN environment variable is set! The value of this
variable will take precedence; if this is unwanted please unset VAULT_TOKEN or
update its value accordingly.

Success! You are now authenticated. The token information displayed below
is already stored in the token helper. You do NOT need to run "vault login"
again. Future Vault requests will automatically use this token.

Key                    Value
---                    -----
token                  hvs.CAESIAh-2Cze-IlNFFdqhOoWebDD5Hsv65PsDJxUBdVAsjsAGh4KHGh2cy40bTRkNWZvZ000N3VpTkZFRWcwTHZIaVQ
token_accessor         JoOi7hOR7hS8jbGjRj5pO0cu
token_duration         2h
token_renewable        true
token_policies         ["default" "sudo"]
identity_policies      []
policies               ["default" "sudo"]
token_meta_username    learner10
Path          Type         Accessor              Description
----          ----         --------              -----------
cubbyhole/    cubbyhole    cubbyhole_3026abbe    per-token private secret storage
identity/     identity     identity_fccbf312     identity store
kv/           kv           kv_5b25da5a           n/a
secret/       kv           kv_c0dcc15a           key/value secret storage
sys/          system       system_62de357e       system endpoints used for control, policy and debugging
=== Secret Path ===
kv/data/1-secret-10

======= Metadata =======
Key                Value
---                -----
created_time       2024-05-02T20:08:25.799368418Z
custom_metadata    <nil>
deletion_time      n/a
destroyed          false
version            1
=== Secret Path ===
kv/data/2-secret-10

======= Metadata =======
Key                Value
---                -----
created_time       2024-05-02T20:08:26.163805218Z
custom_metadata    <nil>
deletion_time      n/a
destroyed          false
version            1
=== Secret Path ===
kv/data/3-secret-10

======= Metadata =======
Key                Value
---                -----
created_time       2024-05-02T20:08:26.506756048Z
custom_metadata    <nil>
deletion_time      n/a
destroyed          false
version            1
=== Secret Path ===
kv/data/4-secret-10

======= Metadata =======
Key                Value
---                -----
created_time       2024-05-02T20:08:26.841482814Z
custom_metadata    <nil>
deletion_time      n/a
destroyed          false
version            1
=== Secret Path ===
kv/data/5-secret-10

======= Metadata =======
Key                Value
---                -----
created_time       2024-05-02T20:08:27.186493267Z
custom_metadata    <nil>
deletion_time      n/a
destroyed          false
version            1
=== Secret Path ===
kv/data/6-secret-10

======= Metadata =======
Key                Value
---                -----
created_time       2024-05-02T20:08:27.527462716Z
custom_metadata    <nil>
deletion_time      n/a
destroyed          false
version            1
=== Secret Path ===
kv/data/7-secret-10

======= Metadata =======
Key                Value
---                -----
created_time       2024-05-02T20:08:27.861483269Z
custom_metadata    <nil>
deletion_time      n/a
destroyed          false
version            1
=== Secret Path ===
kv/data/8-secret-10

======= Metadata =======
Key                Value
---                -----
created_time       2024-05-02T20:08:28.198197501Z
custom_metadata    <nil>
deletion_time      n/a
destroyed          false
version            1
=== Secret Path ===
kv/data/9-secret-10

======= Metadata =======
Key                Value
---                -----
created_time       2024-05-02T20:08:28.506124202Z
custom_metadata    <nil>
deletion_time      n/a
destroyed          false
version            1
==== Secret Path ====
kv/data/10-secret-10

======= Metadata =======
Key                Value
---                -----
created_time       2024-05-02T20:08:28.817097779Z
custom_metadata    <nil>
deletion_time      n/a
destroyed          false
version            1
=== Secret Path ===
kv/data/1-secret-10

======= Metadata =======
Key                Value
---                -----
created_time       2024-05-02T20:08:29.159578857Z
custom_metadata    <nil>
deletion_time      n/a
destroyed          false
version            2
=== Secret Path ===
kv/data/2-secret-10

======= Metadata =======
Key                Value
---                -----
created_time       2024-05-02T20:08:29.497085711Z
custom_metadata    <nil>
deletion_time      n/a
destroyed          false
version            2
=== Secret Path ===
kv/data/3-secret-10

======= Metadata =======
Key                Value
---                -----
created_time       2024-05-02T20:08:29.838545125Z
custom_metadata    <nil>
deletion_time      n/a
destroyed          false
version            2
=== Secret Path ===
kv/data/4-secret-10

======= Metadata =======
Key                Value
---                -----
created_time       2024-05-02T20:08:30.171521891Z
custom_metadata    <nil>
deletion_time      n/a
destroyed          false
version            2
=== Secret Path ===
kv/data/5-secret-10

======= Metadata =======
Key                Value
---                -----
created_time       2024-05-02T20:08:30.511074385Z
custom_metadata    <nil>
deletion_time      n/a
destroyed          false
version            2
=== Secret Path ===
kv/data/6-secret-10

======= Metadata =======
Key                Value
---                -----
created_time       2024-05-02T20:08:30.851923419Z
custom_metadata    <nil>
deletion_time      n/a
destroyed          false
version            2
=== Secret Path ===
kv/data/7-secret-10

======= Metadata =======
Key                Value
---                -----
created_time       2024-05-02T20:08:31.183486594Z
custom_metadata    <nil>
deletion_time      n/a
destroyed          false
version            2
=== Secret Path ===
kv/data/8-secret-10

======= Metadata =======
Key                Value
---                -----
created_time       2024-05-02T20:08:31.518755054Z
custom_metadata    <nil>
deletion_time      n/a
destroyed          false
version            2
=== Secret Path ===
kv/data/9-secret-10

======= Metadata =======
Key                Value
---                -----
created_time       2024-05-02T20:08:31.862427221Z
custom_metadata    <nil>
deletion_time      n/a
destroyed          false
version            2
==== Secret Path ====
kv/data/10-secret-10

======= Metadata =======
Key                Value
---                -----
created_time       2024-05-02T20:08:32.211600183Z
custom_metadata    <nil>
deletion_time      n/a
destroyed          false
version            2
